<?xml version="1.0" encoding="UTF-8"?>
<testng-results ignored="0" total="4" passed="3" failed="1" skipped="0">
  <reporter-output>
  </reporter-output>
  <suite started-at="2022-07-16T10:08:02 IST" name="Suite" finished-at="2022-07-16T10:09:45 IST" duration-ms="102392">
    <groups>
    </groups>
    <test started-at="2022-07-16T10:08:02 IST" name="Test" finished-at="2022-07-16T10:09:45 IST" duration-ms="102392">
      <class name="test2.TestClass1">
        <test-method is-config="true" signature="setup()[pri:0, instance:test2.TestClass1@6c284af]" started-at="2022-07-16T10:08:02 IST" name="setup" finished-at="2022-07-16T10:08:26 IST" duration-ms="23942" status="PASS">
          <reporter-output>
          </reporter-output>
        </test-method> <!-- setup -->
        <test-method signature="testFacebook()[pri:0, instance:test2.TestClass1@6c284af]" started-at="2022-07-16T10:08:26 IST" name="testFacebook" finished-at="2022-07-16T10:08:59 IST" duration-ms="32329" status="FAIL">
          <exception class="java.lang.AssertionError">
            <message>
              <![CDATA[The following asserts failed:
URL is mismatched expected [https://www.facebook.com/] but found [https://www.facebook.com/login/?privacy_mutation_token=eyJ0eXBlIjowLCJjcmVhdGlvbl90aW1lIjoxNjU3OTQ2MzEwLCJjYWxsc2l0ZV9pZCI6MzgxMjI5MDc5NTc1OTQ2fQ%3D%3D]]]>
            </message>
            <full-stacktrace>
              <![CDATA[java.lang.AssertionError: The following asserts failed:
URL is mismatched expected [https://www.facebook.com/] but found [https://www.facebook.com/login/?privacy_mutation_token=eyJ0eXBlIjowLCJjcmVhdGlvbl90aW1lIjoxNjU3OTQ2MzEwLCJjYWxsc2l0ZV9pZCI6MzgxMjI5MDc5NTc1OTQ2fQ%3D%3D]
at org.testng.asserts.SoftAssert.assertAll(SoftAssert.java:47)
at org.testng.asserts.SoftAssert.assertAll(SoftAssert.java:31)
at test2.TestClass1.testFacebook(TestClass1.java:66)
at java.base/jdk.internal.reflect.NativeMethodAccessorImpl.invoke0(Native Method)
at java.base/jdk.internal.reflect.NativeMethodAccessorImpl.invoke(NativeMethodAccessorImpl.java:77)
at java.base/jdk.internal.reflect.DelegatingMethodAccessorImpl.invoke(DelegatingMethodAccessorImpl.java:43)
at java.base/java.lang.reflect.Method.invoke(Method.java:568)
at org.testng.internal.MethodInvocationHelper.invokeMethod(MethodInvocationHelper.java:133)
at org.testng.internal.TestInvoker.invokeMethod(TestInvoker.java:598)
at org.testng.internal.TestInvoker.invokeTestMethod(TestInvoker.java:173)
at org.testng.internal.MethodRunner.runInSequence(MethodRunner.java:46)
at org.testng.internal.TestInvoker$MethodInvocationAgent.invoke(TestInvoker.java:824)
at org.testng.internal.TestInvoker.invokeTestMethods(TestInvoker.java:146)
at org.testng.internal.TestMethodWorker.invokeTestMethods(TestMethodWorker.java:146)
at org.testng.internal.TestMethodWorker.run(TestMethodWorker.java:128)
at java.base/java.util.ArrayList.forEach(ArrayList.java:1511)
at org.testng.TestRunner.privateRun(TestRunner.java:794)
at org.testng.TestRunner.run(TestRunner.java:596)
at org.testng.SuiteRunner.runTest(SuiteRunner.java:377)
at org.testng.SuiteRunner.runSequentially(SuiteRunner.java:371)
at org.testng.SuiteRunner.privateRun(SuiteRunner.java:332)
at org.testng.SuiteRunner.run(SuiteRunner.java:276)
at org.testng.SuiteRunnerWorker.runSuite(SuiteRunnerWorker.java:53)
at org.testng.SuiteRunnerWorker.run(SuiteRunnerWorker.java:96)
at org.testng.TestNG.runSuitesSequentially(TestNG.java:1212)
at org.testng.TestNG.runSuitesLocally(TestNG.java:1134)
at org.testng.TestNG.runSuites(TestNG.java:1063)
at org.testng.TestNG.run(TestNG.java:1031)
at org.testng.remote.AbstractRemoteTestNG.run(AbstractRemoteTestNG.java:115)
at org.testng.remote.RemoteTestNG.initAndRun(RemoteTestNG.java:251)
at org.testng.remote.RemoteTestNG.main(RemoteTestNG.java:77)
]]>
            </full-stacktrace>
          </exception> <!-- java.lang.AssertionError -->
          <reporter-output>
          </reporter-output>
        </test-method> <!-- testFacebook -->
        <test-method signature="testGoogle()[pri:0, instance:test2.TestClass1@6c284af]" started-at="2022-07-16T10:08:59 IST" name="testGoogle" finished-at="2022-07-16T10:09:09 IST" duration-ms="9355" status="PASS">
          <reporter-output>
          </reporter-output>
        </test-method> <!-- testGoogle -->
        <test-method signature="testOrangeHRM()[pri:0, instance:test2.TestClass1@6c284af]" started-at="2022-07-16T10:09:09 IST" name="testOrangeHRM" finished-at="2022-07-16T10:09:21 IST" duration-ms="11751" status="PASS">
          <reporter-output>
          </reporter-output>
        </test-method> <!-- testOrangeHRM -->
        <test-method is-config="true" signature="teardown()[pri:0, instance:test2.TestClass1@6c284af]" started-at="2022-07-16T10:09:30 IST" name="teardown" finished-at="2022-07-16T10:09:45 IST" duration-ms="14910" status="PASS">
          <reporter-output>
          </reporter-output>
        </test-method> <!-- teardown -->
      </class> <!-- test2.TestClass1 -->
      <class name="test.LoginTest">
        <test-method is-config="true" signature="beforeSuite()[pri:0, instance:test.LoginTest@247310d0]" started-at="2022-07-16T10:07:17 IST" name="beforeSuite" finished-at="2022-07-16T10:08:02 IST" duration-ms="45337" status="PASS">
          <reporter-output>
          </reporter-output>
        </test-method> <!-- beforeSuite -->
        <test-method is-config="true" signature="initObject()[pri:0, instance:test.LoginTest@247310d0]" started-at="2022-07-16T10:09:21 IST" name="initObject" finished-at="2022-07-16T10:09:21 IST" duration-ms="224" status="PASS">
          <reporter-output>
          </reporter-output>
        </test-method> <!-- initObject -->
        <test-method signature="login()[pri:0, instance:test.LoginTest@247310d0]" started-at="2022-07-16T10:09:21 IST" name="login" finished-at="2022-07-16T10:09:30 IST" duration-ms="8801" status="PASS">
          <reporter-output>
          </reporter-output>
        </test-method> <!-- login -->
        <test-method is-config="true" signature="afterSuite()[pri:0, instance:test.LoginTest@247310d0]" started-at="2022-07-16T10:09:45 IST" name="afterSuite" finished-at="2022-07-16T10:09:48 IST" duration-ms="2795" status="PASS">
          <reporter-output>
          </reporter-output>
        </test-method> <!-- afterSuite -->
      </class> <!-- test.LoginTest -->
    </test> <!-- Test -->
  </suite> <!-- Suite -->
</testng-results>
